  Constellation.cpp
C:\Users\Owner\Desktop\team\teamb\BaseProject\BaseProject\Project\GameProject\Game\Constellation.cpp(59,35): warning C4244: '引数': 'int' から 'float' への変換です。データが失われる可能性があります。
C:\Users\Owner\Desktop\team\teamb\BaseProject\BaseProject\Project\GameProject\Game\Constellation.cpp(59,22): warning C4244: '引数': 'int' から 'float' への変換です。データが失われる可能性があります。
C:\Users\Owner\Desktop\team\teamb\BaseProject\BaseProject\Project\GameProject\Game\Constellation.cpp(63,37): warning C4244: '引数': 'int' から 'float' への変換です。データが失われる可能性があります。
C:\Users\Owner\Desktop\team\teamb\BaseProject\BaseProject\Project\GameProject\Game\Constellation.cpp(63,23): warning C4244: '引数': 'int' から 'float' への変換です。データが失われる可能性があります。
C:\Users\Owner\Desktop\team\teamb\BaseProject\BaseProject\Project\GameProject\Game\Constellation.cpp(64,31): warning C4305: '引数': 'double' から 'float' へ切り詰めます。
C:\Users\Owner\Desktop\team\teamb\BaseProject\BaseProject\Project\GameProject\Game\Constellation.cpp(64,22): warning C4305: '引数': 'double' から 'float' へ切り詰めます。
C:\Users\Owner\Desktop\team\teamb\BaseProject\BaseProject\Project\GameProject\Game\Constellation.cpp(67,37): warning C4244: '引数': 'int' から 'float' への変換です。データが失われる可能性があります。
C:\Users\Owner\Desktop\team\teamb\BaseProject\BaseProject\Project\GameProject\Game\Constellation.cpp(67,23): warning C4244: '引数': 'int' から 'float' への変換です。データが失われる可能性があります。
C:\Users\Owner\Desktop\team\teamb\BaseProject\BaseProject\Project\GameProject\Game\Constellation.cpp(68,31): warning C4305: '引数': 'double' から 'float' へ切り詰めます。
C:\Users\Owner\Desktop\team\teamb\BaseProject\BaseProject\Project\GameProject\Game\Constellation.cpp(68,22): warning C4305: '引数': 'double' から 'float' へ切り詰めます。
  Constellation_Star.cpp
  Enemy.cpp
  EnemyManager.cpp
C:\Users\Owner\Desktop\team\teamb\BaseProject\BaseProject\Project\GameProject\Game\EnemyManager.cpp(35,58): warning C4244: '引数': 'int' から 'float' への変換です。データが失われる可能性があります。
C:\Users\Owner\Desktop\team\teamb\BaseProject\BaseProject\Project\GameProject\Game\EnemyManager.cpp(41,55): warning C4244: '引数': 'int' から 'float' への変換です。データが失われる可能性があります。
  Field.cpp
C:\Users\Owner\Desktop\team\teamb\BaseProject\BaseProject\Project\GameProject\Game\Field.cpp(12,27): warning C4305: '+=': 'double' から 'float' へ切り詰めます。
  Game.cpp
  Nomal.cpp
  Player.cpp
  Result.cpp
C:\Users\Owner\Desktop\team\teamb\BaseProject\BaseProject\Project\GameProject\Game\Result.cpp(38,42): warning C4244: '引数': 'int' から 'float' への変換です。データが失われる可能性があります。
C:\Users\Owner\Desktop\team\teamb\BaseProject\BaseProject\Project\GameProject\Game\Result.cpp(38,27): warning C4244: '引数': 'int' から 'float' への変換です。データが失われる可能性があります。
C:\Users\Owner\Desktop\team\teamb\BaseProject\BaseProject\Project\GameProject\Game\Result.cpp(40,26): warning C4244: '引数': 'int' から 'float' への変換です。データが失われる可能性があります。
  SterManager.cpp
  main.cpp
  ObjectBase.cpp
  StarBase.cpp
  Task.cpp
  TaskManager.cpp
  Load.cpp
  Title.cpp
  Effect.cpp
C:\Users\Owner\Desktop\team\teamb\BaseProject\BaseProject\Project\GameProject\UI\Effect.cpp(73,18): warning C4305: '*=': 'double' から 'float' へ切り詰めます。
  Score.cpp
C:\Users\Owner\Desktop\team\teamb\BaseProject\BaseProject\Project\GameProject\UI\Score.cpp(20,34): warning C4244: '引数': 'int' から 'float' への変換です。データが失われる可能性があります。
C:\Users\Owner\Desktop\team\teamb\BaseProject\BaseProject\Project\GameProject\UI\Score.cpp(20,20): warning C4244: '引数': 'int' から 'float' への変換です。データが失われる可能性があります。
C:\Users\Owner\Desktop\team\teamb\BaseProject\BaseProject\Project\GameProject\UI\Score.cpp(22,21): warning C4244: '引数': 'int' から 'float' への変換です。データが失われる可能性があります。
  Timer.cpp
C:\Users\Owner\Desktop\team\teamb\BaseProject\BaseProject\Project\GameProject\UI\Timer.cpp(42,16): warning C4244: '引数': 'int' から 'float' への変換です。データが失われる可能性があります。
C:\Users\Owner\Desktop\team\teamb\BaseProject\BaseProject\Project\GameProject\UI\Timer.cpp(43,22): warning C4244: '引数': 'int' から 'float' への変換です。データが失われる可能性があります。
C:\Users\Owner\Desktop\team\teamb\BaseProject\BaseProject\Project\GameProject\UI\Timer.cpp(49,16): warning C4244: '引数': 'int' から 'float' への変換です。データが失われる可能性があります。
C:\Users\Owner\Desktop\team\teamb\BaseProject\BaseProject\Project\GameProject\UI\Timer.cpp(50,23): warning C4244: '引数': 'int' から 'float' への変換です。データが失われる可能性があります。
  コードを生成中...
glfw.lib(init.obj) : warning LNK4099: PDB '' が 'glfw.lib(init.obj)' で、または '' に見つかりません。デバッグ情報がないものとして、オブジェクトにリンクします。
glfw.lib(window.obj) : warning LNK4099: PDB '' が 'glfw.lib(window.obj)' で、または '' に見つかりません。デバッグ情報がないものとして、オブジェクトにリンクします。
glfw.lib(input.obj) : warning LNK4099: PDB '' が 'glfw.lib(input.obj)' で、または '' に見つかりません。デバッグ情報がないものとして、オブジェクトにリンクします。
glfw.lib(context.obj) : warning LNK4099: PDB '' が 'glfw.lib(context.obj)' で、または '' に見つかりません。デバッグ情報がないものとして、オブジェクトにリンクします。
glfw.lib(win32_init.obj) : warning LNK4099: PDB '' が 'glfw.lib(win32_init.obj)' で、または '' に見つかりません。デバッグ情報がないものとして、オブジェクトにリンクします。
glfw.lib(win32_monitor.obj) : warning LNK4099: PDB '' が 'glfw.lib(win32_monitor.obj)' で、または '' に見つかりません。デバッグ情報がないものとして、オブジェクトにリンクします。
glfw.lib(win32_time.obj) : warning LNK4099: PDB '' が 'glfw.lib(win32_time.obj)' で、または '' に見つかりません。デバッグ情報がないものとして、オブジェクトにリンクします。
glfw.lib(monitor.obj) : warning LNK4099: PDB '' が 'glfw.lib(monitor.obj)' で、または '' に見つかりません。デバッグ情報がないものとして、オブジェクトにリンクします。
glfw.lib(vulkan.obj) : warning LNK4099: PDB '' が 'glfw.lib(vulkan.obj)' で、または '' に見つかりません。デバッグ情報がないものとして、オブジェクトにリンクします。
glfw.lib(win32_window.obj) : warning LNK4099: PDB '' が 'glfw.lib(win32_window.obj)' で、または '' に見つかりません。デバッグ情報がないものとして、オブジェクトにリンクします。
glfw.lib(win32_tls.obj) : warning LNK4099: PDB '' が 'glfw.lib(win32_tls.obj)' で、または '' に見つかりません。デバッグ情報がないものとして、オブジェクトにリンクします。
glfw.lib(win32_joystick.obj) : warning LNK4099: PDB '' が 'glfw.lib(win32_joystick.obj)' で、または '' に見つかりません。デバッグ情報がないものとして、オブジェクトにリンクします。
glfw.lib(wgl_context.obj) : warning LNK4099: PDB '' が 'glfw.lib(wgl_context.obj)' で、または '' に見つかりません。デバッグ情報がないものとして、オブジェクトにリンクします。
glfw.lib(egl_context.obj) : warning LNK4099: PDB '' が 'glfw.lib(egl_context.obj)' で、または '' に見つかりません。デバッグ情報がないものとして、オブジェクトにリンクします。
  glew.lib(glew.obj) : MSIL .netmodule または /GL を伴ってコンパイルされたモジュールが見つかりました。/LTCG を使用して再開始してください。リンカーのパフォーマンスを向上させるためには、コマンドラインに /LTCG を追加してください。
     ライブラリ C:\Users\Owner\Desktop\team\teamb\BaseProject\BaseProject\Project\/../Game/GameProject.lib とオブジェクト C:\Users\Owner\Desktop\team\teamb\BaseProject\BaseProject\Project\/../Game/GameProject.exp を作成中
  コード生成しています。
  コード生成が終了しました。
glfw.lib(init.obj) : warning LNK4099: PDB '' が 'glfw.lib(init.obj)' で、または '' に見つかりません。デバッグ情報がないものとして、オブジェクトにリンクします。
glfw.lib(window.obj) : warning LNK4099: PDB '' が 'glfw.lib(window.obj)' で、または '' に見つかりません。デバッグ情報がないものとして、オブジェクトにリンクします。
glfw.lib(input.obj) : warning LNK4099: PDB '' が 'glfw.lib(input.obj)' で、または '' に見つかりません。デバッグ情報がないものとして、オブジェクトにリンクします。
glfw.lib(context.obj) : warning LNK4099: PDB '' が 'glfw.lib(context.obj)' で、または '' に見つかりません。デバッグ情報がないものとして、オブジェクトにリンクします。
glfw.lib(win32_init.obj) : warning LNK4099: PDB '' が 'glfw.lib(win32_init.obj)' で、または '' に見つかりません。デバッグ情報がないものとして、オブジェクトにリンクします。
glfw.lib(win32_monitor.obj) : warning LNK4099: PDB '' が 'glfw.lib(win32_monitor.obj)' で、または '' に見つかりません。デバッグ情報がないものとして、オブジェクトにリンクします。
glfw.lib(win32_time.obj) : warning LNK4099: PDB '' が 'glfw.lib(win32_time.obj)' で、または '' に見つかりません。デバッグ情報がないものとして、オブジェクトにリンクします。
glfw.lib(monitor.obj) : warning LNK4099: PDB '' が 'glfw.lib(monitor.obj)' で、または '' に見つかりません。デバッグ情報がないものとして、オブジェクトにリンクします。
glfw.lib(vulkan.obj) : warning LNK4099: PDB '' が 'glfw.lib(vulkan.obj)' で、または '' に見つかりません。デバッグ情報がないものとして、オブジェクトにリンクします。
glfw.lib(win32_window.obj) : warning LNK4099: PDB '' が 'glfw.lib(win32_window.obj)' で、または '' に見つかりません。デバッグ情報がないものとして、オブジェクトにリンクします。
glfw.lib(win32_tls.obj) : warning LNK4099: PDB '' が 'glfw.lib(win32_tls.obj)' で、または '' に見つかりません。デバッグ情報がないものとして、オブジェクトにリンクします。
glfw.lib(win32_joystick.obj) : warning LNK4099: PDB '' が 'glfw.lib(win32_joystick.obj)' で、または '' に見つかりません。デバッグ情報がないものとして、オブジェクトにリンクします。
glfw.lib(wgl_context.obj) : warning LNK4099: PDB '' が 'glfw.lib(wgl_context.obj)' で、または '' に見つかりません。デバッグ情報がないものとして、オブジェクトにリンクします。
glfw.lib(egl_context.obj) : warning LNK4099: PDB '' が 'glfw.lib(egl_context.obj)' で、または '' に見つかりません。デバッグ情報がないものとして、オブジェクトにリンクします。
GLLibrary.lib(CResource.obj) : warning LNK4099: PDB '' が 'GLLibrary.lib(CResource.obj)' で、または '' に見つかりません。デバッグ情報がないものとして、オブジェクトにリンクします。
GLLibrary.lib(CImage.obj) : warning LNK4099: PDB '' が 'GLLibrary.lib(CImage.obj)' で、または '' に見つかりません。デバッグ情報がないものとして、オブジェクトにリンクします。
GLLibrary.lib(CVector.obj) : warning LNK4099: PDB '' が 'GLLibrary.lib(CVector.obj)' で、または '' に見つかりません。デバッグ情報がないものとして、オブジェクトにリンクします。
GLLibrary.lib(CInput.obj) : warning LNK4099: PDB '' が 'GLLibrary.lib(CInput.obj)' で、または '' に見つかりません。デバッグ情報がないものとして、オブジェクトにリンクします。
GLLibrary.lib(CSound.obj) : warning LNK4099: PDB '' が 'GLLibrary.lib(CSound.obj)' で、または '' に見つかりません。デバッグ情報がないものとして、オブジェクトにリンクします。
GLLibrary.lib(GL.obj) : warning LNK4099: PDB '' が 'GLLibrary.lib(GL.obj)' で、または '' に見つかりません。デバッグ情報がないものとして、オブジェクトにリンクします。
GLLibrary.lib(CLight.obj) : warning LNK4099: PDB '' が 'GLLibrary.lib(CLight.obj)' で、または '' に見つかりません。デバッグ情報がないものとして、オブジェクトにリンクします。
GLLibrary.lib(CCamera.obj) : warning LNK4099: PDB '' が 'GLLibrary.lib(CCamera.obj)' で、または '' に見つかりません。デバッグ情報がないものとして、オブジェクトにリンクします。
GLLibrary.lib(CFPS.obj) : warning LNK4099: PDB '' が 'GLLibrary.lib(CFPS.obj)' で、または '' に見つかりません。デバッグ情報がないものとして、オブジェクトにリンクします。
GLLibrary.lib(CShader.obj) : warning LNK4099: PDB '' が 'GLLibrary.lib(CShader.obj)' で、または '' に見つかりません。デバッグ情報がないものとして、オブジェクトにリンクします。
GLLibrary.lib(CMultiThread.obj) : warning LNK4099: PDB '' が 'GLLibrary.lib(CMultiThread.obj)' で、または '' に見つかりません。デバッグ情報がないものとして、オブジェクトにリンクします。
GLLibrary.lib(CRect.obj) : warning LNK4099: PDB '' が 'GLLibrary.lib(CRect.obj)' で、または '' に見つかりません。デバッグ情報がないものとして、オブジェクトにリンクします。
GLLibrary.lib(CMatrix.obj) : warning LNK4099: PDB '' が 'GLLibrary.lib(CMatrix.obj)' で、または '' に見つかりません。デバッグ情報がないものとして、オブジェクトにリンクします。
GLLibrary.lib(CTexture.obj) : warning LNK4099: PDB '' が 'GLLibrary.lib(CTexture.obj)' で、または '' に見つかりません。デバッグ情報がないものとして、オブジェクトにリンクします。
GLLibrary.lib(CCollision.obj) : warning LNK4099: PDB '' が 'GLLibrary.lib(CCollision.obj)' で、または '' に見つかりません。デバッグ情報がないものとして、オブジェクトにリンクします。
GLLibrary.lib(CRendaring.obj) : warning LNK4099: PDB '' が 'GLLibrary.lib(CRendaring.obj)' で、または '' に見つかりません。デバッグ情報がないものとして、オブジェクトにリンクします。
GLLibrary.lib(CTextureFrame.obj) : warning LNK4099: PDB '' が 'GLLibrary.lib(CTextureFrame.obj)' で、または '' に見つかりません。デバッグ情報がないものとして、オブジェクトにリンクします。
GLLibrary.lib(CShadow.obj) : warning LNK4099: PDB '' が 'GLLibrary.lib(CShadow.obj)' で、または '' に見つかりません。デバッグ情報がないものとして、オブジェクトにリンクします。
glew.lib(glew.obj) : warning LNK4099: PDB '' が 'glew.lib(glew.obj)' で、または '' に見つかりません。デバッグ情報がないものとして、オブジェクトにリンクします。
glpng.lib(glpng.obj) : warning LNK4099: PDB '' が 'glpng.lib(glpng.obj)' で、または '' に見つかりません。デバッグ情報がないものとして、オブジェクトにリンクします。
glpng.lib(pngrtran.obj) : warning LNK4099: PDB '' が 'glpng.lib(pngrtran.obj)' で、または '' に見つかりません。デバッグ情報がないものとして、オブジェクトにリンクします。
glpng.lib(png.obj) : warning LNK4099: PDB '' が 'glpng.lib(png.obj)' で、または '' に見つかりません。デバッグ情報がないものとして、オブジェクトにリンクします。
glpng.lib(pngread.obj) : warning LNK4099: PDB '' が 'glpng.lib(pngread.obj)' で、または '' に見つかりません。デバッグ情報がないものとして、オブジェクトにリンクします。
glpng.lib(pngget.obj) : warning LNK4099: PDB '' が 'glpng.lib(pngget.obj)' で、または '' に見つかりません。デバッグ情報がないものとして、オブジェクトにリンクします。
glpng.lib(pngmem.obj) : warning LNK4099: PDB '' が 'glpng.lib(pngmem.obj)' で、または '' に見つかりません。デバッグ情報がないものとして、オブジェクトにリンクします。
glpng.lib(pngtrans.obj) : warning LNK4099: PDB '' が 'glpng.lib(pngtrans.obj)' で、または '' に見つかりません。デバッグ情報がないものとして、オブジェクトにリンクします。
glpng.lib(pngerror.obj) : warning LNK4099: PDB '' が 'glpng.lib(pngerror.obj)' で、または '' に見つかりません。デバッグ情報がないものとして、オブジェクトにリンクします。
glpng.lib(crc32.obj) : warning LNK4099: PDB '' が 'glpng.lib(crc32.obj)' で、または '' に見つかりません。デバッグ情報がないものとして、オブジェクトにリンクします。
glpng.lib(inflate.obj) : warning LNK4099: PDB '' が 'glpng.lib(inflate.obj)' で、または '' に見つかりません。デバッグ情報がないものとして、オブジェクトにリンクします。
glpng.lib(pngrutil.obj) : warning LNK4099: PDB '' が 'glpng.lib(pngrutil.obj)' で、または '' に見つかりません。デバッグ情報がないものとして、オブジェクトにリンクします。
glpng.lib(pngrio.obj) : warning LNK4099: PDB '' が 'glpng.lib(pngrio.obj)' で、または '' に見つかりません。デバッグ情報がないものとして、オブジェクトにリンクします。
glpng.lib(zutil.obj) : warning LNK4099: PDB '' が 'glpng.lib(zutil.obj)' で、または '' に見つかりません。デバッグ情報がないものとして、オブジェクトにリンクします。
glpng.lib(infblock.obj) : warning LNK4099: PDB '' が 'glpng.lib(infblock.obj)' で、または '' に見つかりません。デバッグ情報がないものとして、オブジェクトにリンクします。
glpng.lib(adler32.obj) : warning LNK4099: PDB '' が 'glpng.lib(adler32.obj)' で、または '' に見つかりません。デバッグ情報がないものとして、オブジェクトにリンクします。
glpng.lib(pngset.obj) : warning LNK4099: PDB '' が 'glpng.lib(pngset.obj)' で、または '' に見つかりません。デバッグ情報がないものとして、オブジェクトにリンクします。
glpng.lib(infutil.obj) : warning LNK4099: PDB '' が 'glpng.lib(infutil.obj)' で、または '' に見つかりません。デバッグ情報がないものとして、オブジェクトにリンクします。
glpng.lib(inftrees.obj) : warning LNK4099: PDB '' が 'glpng.lib(inftrees.obj)' で、または '' に見つかりません。デバッグ情報がないものとして、オブジェクトにリンクします。
glpng.lib(infcodes.obj) : warning LNK4099: PDB '' が 'glpng.lib(infcodes.obj)' で、または '' に見つかりません。デバッグ情報がないものとして、オブジェクトにリンクします。
glpng.lib(inffast.obj) : warning LNK4099: PDB '' が 'glpng.lib(inffast.obj)' で、または '' に見つかりません。デバッグ情報がないものとして、オブジェクトにリンクします。
LINK : warning LNK4199: /DELAYLOAD:PhysX_64.dll は無視されます。PhysX_64.dll にインポートがありません。
LINK : warning LNK4199: /DELAYLOAD:PhysXCommon_64.dll は無視されます。PhysXCommon_64.dll にインポートがありません。
LINK : warning LNK4199: /DELAYLOAD:PhysXCooking_64.dll は無視されます。PhysXCooking_64.dll にインポートがありません。
LINK : warning LNK4199: /DELAYLOAD:PhysXFoundation_64.dll は無視されます。PhysXFoundation_64.dll にインポートがありません。
  GameProject.vcxproj -> C:\Users\Owner\Desktop\team\teamb\BaseProject\BaseProject\Game\GameProject.exe
